
**** Build of configuration Debug for project LAB3DCS ****

"C:\\ti\\ccsv7\\utils\\bin\\gmake" -k -j 8 all -O 
 
'Building file: "../Source/halGPIO.c"'
'Invoking: MSP430 Compiler'
"C:/ti/ccsv7/tools/compiler/ti-cgt-msp430_16.9.6.LTS/bin/cl430" -vmspx --data_model=restricted --use_hw_mpy=16 --include_path="C:/ti/ccsv7/ccs_base/msp430/include" --include_path="C:/Yoni/IAR files/DCS/Lab3/Code/PreparationCode/LAB3DCS" --include_path="C:/ti/ccsv7/tools/compiler/ti-cgt-msp430_16.9.6.LTS/include" --advice:power=all --define=__MSP430FG4619__ -g --printf_support=minimal --diag_warning=225 --diag_wrap=off --display_error_number --preproc_with_compile --preproc_dependency="Source/halGPIO.d_raw" --obj_directory="Source"  "../Source/halGPIO.c"
"../Source/halGPIO.c", line 19: remark #1527-D: (ULP 2.1) Detected SW delay loop using empty loop. Recommend using a timer module instead
"../Source/halGPIO.c", line 123: warning #515-D: a value of type "char *" cannot be assigned to an entity of type "__SFR_FARPTR"
"../Source/halGPIO.c", line 124: warning #515-D: a value of type "char *" cannot be assigned to an entity of type "__SFR_FARPTR"
"../Source/halGPIO.c", line 129: warning #515-D: a value of type "char *" cannot be assigned to an entity of type "__SFR_FARPTR"
"../Source/halGPIO.c", line 140: remark #1544-D: (ULP 13.1) Detected loop counting up. Recommend loops count down as detecting zeros is easier
"../Source/halGPIO.c", line 141: remark #2553-D: (ULP 14.1) Array index (involving "i") of type "int". Recommend using "unsigned int"
"../Source/halGPIO.c", line 155: remark #1538-D: (ULP 10.1) ISR PBs_handler calls function delay. Recommend moving function call away from ISR, or inlining the function, or using pragmas
"../Source/halGPIO.c", line 211: remark #1538-D: (ULP 10.1) ISR Keypad_handler calls function delay. Recommend moving function call away from ISR, or inlining the function, or using pragmas
"../Source/halGPIO.c", line 217: remark #1538-D: (ULP 10.1) ISR Keypad_handler calls function findKeyPressed. Recommend moving function call away from ISR, or inlining the function, or using pragmas
'Finished building: "../Source/halGPIO.c"'
 
'Building target: "LAB3DCS.out"'
'Invoking: MSP430 Linker'
"C:/ti/ccsv7/tools/compiler/ti-cgt-msp430_16.9.6.LTS/bin/cl430" -vmspx --data_model=restricted --use_hw_mpy=16 --advice:power=all --define=__MSP430FG4619__ -g --printf_support=minimal --diag_warning=225 --diag_wrap=off --display_error_number -z -m"LAB3DCS.map" --heap_size=80 --stack_size=80 --cinit_hold_wdt=on -i"C:/ti/ccsv7/ccs_base/msp430/include" -i"C:/ti/ccsv7/tools/compiler/ti-cgt-msp430_16.9.6.LTS/lib" -i"C:/ti/ccsv7/tools/compiler/ti-cgt-msp430_16.9.6.LTS/include" --reread_libs --diag_wrap=off --display_error_number --warn_sections --xml_link_info="LAB3DCS_linkInfo.xml" --use_hw_mpy=16 --rom_model -o "LAB3DCS.out" "./Source/api.obj" "./Source/bsp.obj" "./Source/halGPIO.obj" "./Source/main.obj" "../lnk_msp430fg4619.cmd"  -llibc.a 
<Linking>
remark #10372-D: (ULP 4.1) Detected uninitialized Port 3 in this project. Recommend initializing all unused ports to eliminate wasted current consumption on unused pins.
remark #10372-D: (ULP 4.1) Detected uninitialized Port 4 in this project. Recommend initializing all unused ports to eliminate wasted current consumption on unused pins.
remark #10372-D: (ULP 4.1) Detected uninitialized Port 5 in this project. Recommend initializing all unused ports to eliminate wasted current consumption on unused pins.
remark #10372-D: (ULP 4.1) Detected uninitialized Port 6 in this project. Recommend initializing all unused ports to eliminate wasted current consumption on unused pins.
remark #10372-D: (ULP 4.1) Detected uninitialized Port 7 in this project. Recommend initializing all unused ports to eliminate wasted current consumption on unused pins.
remark #10372-D: (ULP 4.1) Detected uninitialized Port 8 in this project. Recommend initializing all unused ports to eliminate wasted current consumption on unused pins.
remark #10372-D: (ULP 4.1) Detected uninitialized Port A in this project. Recommend initializing all unused ports to eliminate wasted current consumption on unused pins.
remark #10372-D: (ULP 4.1) Detected uninitialized Port B in this project. Recommend initializing all unused ports to eliminate wasted current consumption on unused pins.
'Finished building target: "LAB3DCS.out"'
 

**** Build Finished ****
